<?xml version="1.0" encoding="UTF-8"?>
<!-- Generated by org.testng.reporters.JUnitReportReporter -->
<testsuite hostname="X-Komputer" name="com.websystique.testng.TestCalculator" tests="3" failures="0" timestamp="7 Jan 2017 16:27:18 GMT" time="0.019" errors="0">
  <testcase name="testMultiply" time="0.002" classname="com.websystique.testng.TestCalculator"/>
  <testcase name="testSubtract" time="0.002" classname="com.websystique.testng.TestCalculator"/>
  <testcase name="testAdd" time="0.015" classname="com.websystique.testng.TestCalculator"/>
</testsuite> <!-- com.websystique.testng.TestCalculator -->
