<?xml version="1.0" encoding="UTF-8"?>
<!-- Generated by org.testng.reporters.JUnitReportReporter -->
<testsuite hostname="X-Komputer" name="com.websystique.testng.TestUI" tests="2" failures="0" timestamp="6 Jan 2017 18:51:27 GMT" time="0.006" errors="0">
  <testcase name="openConfirmationDialog" time="0.004" classname="com.websystique.testng.TestUI"/>
  <testcase name="openFileDialog" time="0.002" classname="com.websystique.testng.TestUI"/>
</testsuite> <!-- com.websystique.testng.TestUI -->
