<?xml version="1.0" encoding="UTF-8"?>
<!-- Generated by org.testng.reporters.JUnitReportReporter -->
<testsuite hostname="X-Komputer" name="com.websystique.testng.TestSecurity" tests="2" failures="0" timestamp="7 Jan 2017 16:27:18 GMT" time="0.002" errors="0">
  <testcase name="accessHomePage" time="0.001" classname="com.websystique.testng.TestSecurity"/>
  <testcase name="accessAdminPage" time="0.001" classname="com.websystique.testng.TestSecurity"/>
</testsuite> <!-- com.websystique.testng.TestSecurity -->
