<?xml version="1.0" encoding="UTF-8"?>
<!-- Generated by org.testng.reporters.JUnitReportReporter -->
<testsuite hostname="X-Komputer" name="com.websystique.testng.TestNGGroupExample" tests="5" failures="0" timestamp="7 Jan 2017 16:27:18 GMT" time="0.003" errors="0">
  <testcase name="testInsert" time="0.001" classname="com.websystique.testng.TestNGGroupExample"/>
  <testcase name="accessHomePage" time="0.000" classname="com.websystique.testng.TestNGGroupExample"/>
  <testcase name="accessAdminPage" time="0.001" classname="com.websystique.testng.TestNGGroupExample"/>
  <testcase name="testUpdate" time="0.001" classname="com.websystique.testng.TestNGGroupExample"/>
  <testcase name="testDelete" time="0.000" classname="com.websystique.testng.TestNGGroupExample"/>
</testsuite> <!-- com.websystique.testng.TestNGGroupExample -->
