<?xml version="1.0" encoding="UTF-8"?>
<!-- Generated by org.testng.reporters.JUnitReportReporter -->
<testsuite hostname="X-Komputer" name="com.websystique.testng.TestVatCalculator" tests="1" failures="0" timestamp="8 Dec 2016 18:41:17 GMT" time="0.012" errors="0">
  <testcase name="testGetVatOnAmount" time="0.012" classname="com.websystique.testng.TestVatCalculator"/>
</testsuite> <!-- com.websystique.testng.TestVatCalculator -->
