<?xml version="1.0" encoding="UTF-8"?>
<!-- Generated by org.testng.reporters.JUnitReportReporter -->
<testsuite hostname="X-Komputer" name="com.websystique.testng.TestDataBase" tests="3" failures="0" timestamp="7 Jan 2017 16:27:18 GMT" time="0.002" errors="0">
  <testcase name="testUpdate" time="0.000" classname="com.websystique.testng.TestDataBase"/>
  <testcase name="testDelete" time="0.001" classname="com.websystique.testng.TestDataBase"/>
  <testcase name="testInsert" time="0.001" classname="com.websystique.testng.TestDataBase"/>
</testsuite> <!-- com.websystique.testng.TestDataBase -->
