<?xml version="1.0" encoding="UTF-8"?>
<!-- Generated by org.testng.reporters.JUnitReportReporter -->
<testsuite hostname="X-Komputer" name="com.websystique.springmvc.configuration.AppControllerTest" tests="10" failures="0" timestamp="23 Jan 2017 16:19:23 GMT" time="0.056" errors="0">
  <testcase name="updateEmployeeWithValidationError" time="0.001" classname="com.websystique.springmvc.configuration.AppControllerTest"/>
  <testcase name="saveEmployeeWithSuccess" time="0.002" classname="com.websystique.springmvc.configuration.AppControllerTest"/>
  <testcase name="saveEmployeeWithValidationErrorNonUniqueSSN" time="0.002" classname="com.websystique.springmvc.configuration.AppControllerTest"/>
  <testcase name="listEmployees" time="0.005" classname="com.websystique.springmvc.configuration.AppControllerTest"/>
  <testcase name="deleteEmployee" time="0.024" classname="com.websystique.springmvc.configuration.AppControllerTest"/>
  <testcase name="updateEmployeeWithSuccess" time="0.001" classname="com.websystique.springmvc.configuration.AppControllerTest"/>
  <testcase name="newEmployee" time="0.001" classname="com.websystique.springmvc.configuration.AppControllerTest"/>
  <testcase name="updateEmployeeWithValidationErrorNonUniqueSSN" time="0.001" classname="com.websystique.springmvc.configuration.AppControllerTest"/>
  <testcase name="editEmployee" time="0.018" classname="com.websystique.springmvc.configuration.AppControllerTest"/>
  <testcase name="saveEmployeeWithValidationError" time="0.001" classname="com.websystique.springmvc.configuration.AppControllerTest"/>
</testsuite> <!-- com.websystique.springmvc.configuration.AppControllerTest -->
