<?xml version="1.0" encoding="UTF-8"?>
<!-- Generated by org.testng.reporters.JUnitReportReporter -->
<testsuite skipped="0" hostname="bwojtulewicz-nb" name="pl.altkom.hibernatejpa.service.BorrowerServiceImplTest" tests="7" failures="0" timestamp="13 Sep 2017 13:38:46 GMT" time="0.042" errors="1">
  <testcase name="failTosaveExistingBorrower" time="0.004" classname="pl.altkom.hibernatejpa.service.BorrowerServiceImplTest"/>
  <testcase name="findAllBorrowers" time="0.005" classname="pl.altkom.hibernatejpa.service.BorrowerServiceImplTest"/>
  <testcase name="findBorrowerById" time="0.002" classname="pl.altkom.hibernatejpa.service.BorrowerServiceImplTest"/>
  <testcase name="saveNewBorrower" time="0.001" classname="pl.altkom.hibernatejpa.service.BorrowerServiceImplTest">
    <error type="org.springframework.dao.DataIntegrityViolationException">
      <![CDATA[org.springframework.dao.DataIntegrityViolationException
]]>
    </error>
  </testcase> <!-- saveNewBorrower -->
  <testcase name="deleteBorrowerBySsn" time="0.020" classname="pl.altkom.hibernatejpa.service.BorrowerServiceImplTest"/>
  <testcase name="failTodeleteBorrowerByNonExistingSsn" time="0.008" classname="pl.altkom.hibernatejpa.service.BorrowerServiceImplTest"/>
  <testcase name="isBorrowerSsnUnique" time="0.002" classname="pl.altkom.hibernatejpa.service.BorrowerServiceImplTest"/>
</testsuite> <!-- pl.altkom.hibernatejpa.service.BorrowerServiceImplTest -->
